This is pdfeTeXk, Version 3.141592-1.11a-2.1 (Web2c 7.5.2) (format=pdflatex 2005.9.1)  24 MAR 2006 15:06
entering extended mode
 %&-line parsing enabled.
 (c:/Program Files/TeXLive/texmf/web2c/cp8bit.tcx)
**paperJSRr3
(./paperJSRr3.tex{c:/Program Files/TeXLive/texmf-var/pdftex/config/pdftex.cfg}
LaTeX2e <2001/06/01>
Babel <v3.7j> and hyphenation patterns for english, dumylang, nohyphenation, ba
sque, czech, slovak, german, ngerman, danish, spanish, catalan, finnish, french
, ukenglish, greek, croatian, hungarian, italian, latin, mongolian, dutch, norw
egian, polish, portuguese, russian, ukrainian, serbocroat, swedish, loaded.
(./aiaa.cls
Document Class: aiaa 1999/02/22 v2.4 AIAA document class

NOTE: aiaa journal submission mode - all other aiaa options ignored

(c:/Program Files/TeXLive/texmf/tex/latex/base/article.cls
Document Class: article 2001/04/21 v1.4e Standard LaTeX document class
(c:/Program Files/TeXLive/texmf/tex/latex/base/size12.clo
File: size12.clo 2001/04/21 v1.4e Standard LaTeX file (size option)
)
\c@part=\count79
\c@section=\count80
\c@subsection=\count81
\c@subsubsection=\count82
\c@paragraph=\count83
\c@subparagraph=\count84
\c@figure=\count85
\c@table=\count86
\abovecaptionskip=\skip41
\belowcaptionskip=\skip42
\bibindent=\dimen102
)
(c:/Program Files/TeXLive/texmf/tex/latex/endfloat/endfloat.sty
Package: endfloat 1995/10/11 v2.4i LaTeX2e package puts figures and tables at e
nd (jdm)
\c@postfig=\count87
\efloat@postfff=\write3
\@ef@fffopen=\count88
\c@posttbl=\count89
\efloat@postttt=\write4
\@ef@tttopen=\count90
)
(c:/Program Files/TeXLive/texmf/tex/latex/setspace/setspace.sty
Package: setspace 2000/12/01 6.7 Contributed and Supported LaTeX2e package

Package: `setspace' 6.7 <2000/12/01>
) (c:/Program Files/TeXLive/texmf/tex/latex/lastpage/lastpage.sty
Package: lastpage 1994/06/25 v0.1b LaTeX2e package for refs to last page number
 (JPG)
)
(c:/Program Files/TeXLive/texmf/tex/latex/graphics/graphicx.sty
Package: graphicx 1999/02/16 v1.0f Enhanced LaTeX Graphics (DPC,SPQR)

(c:/Program Files/TeXLive/texmf/tex/latex/graphics/keyval.sty
Package: keyval 1999/03/16 v1.13 key=value parser (DPC)
\KV@toks@=\toks14
)
(c:/Program Files/TeXLive/texmf/tex/latex/graphics/graphics.sty
Package: graphics 2001/07/07 v1.0n Standard LaTeX Graphics (DPC,SPQR)

(c:/Program Files/TeXLive/texmf/tex/latex/graphics/trig.sty
Package: trig 1999/03/16 v1.09 sin cos tan (DPC)
)
(c:/Program Files/TeXLive/texmf/tex/latex/texlive/graphics.cfg
File: graphics.cfg 2001/08/31 v1.1 graphics configuration of teTeX/TeXLive
)
Package graphics Info: Driver file: pdftex.def on input line 80.

(c:/Program Files/TeXLive/texmf/tex/latex/pdftexdef/pdftex.def
File: pdftex.def 2002/06/19 v0.03k graphics/color for pdftex
\Gread@gobject=\count91
))
\Gin@req@height=\dimen103
\Gin@req@width=\dimen104
)
(c:/Program Files/TeXLive/texmf/tex/latex/cite/overcite.sty
Package: overcite 2001/10/14  v 3.9
)
(c:/Program Files/TeXLive/texmf/tex/latex/caption/caption2.sty
Package: caption2 2002/08/03 v2.1 Customising captions (AS)
\captionmargin=\dimen105
\captionwidth=\dimen106
\captionindent=\dimen107
Package caption2 Info: Running in caption2 v2.0 compatibility mode on input lin
e 147.
\captionlinewidth=\dimen108
)
(c:/Program Files/TeXLive/texmf/tex/latex/fancyhdr/fancyhdr.sty
\headwidth=\dimen109
)
(c:/Program Files/TeXLive/texmf/tex/latex/subfigure/subfigure.sty
Package: subfigure 2002/07/30 v2.1.4 subfigure package
\subfigtopskip=\skip43
\subfigcapskip=\skip44
\subfigcaptopadj=\dimen110
\subfigbottomskip=\skip45
\subfigcapmargin=\dimen111
\subfiglabelskip=\skip46
\c@subfigure=\count92
\c@lofdepth=\count93
\c@subtable=\count94
\c@lotdepth=\count95

****************************************
* Local config file subfigure.cfg used *
****************************************
(c:/Program Files/TeXLive/texmf/tex/latex/subfigure/subfigure.cfg)
\subfig@top=\skip47
\subfig@bottom=\skip48
)
\c@AA@journalpage=\count96

loading aiaaenf.cfg
(./aiaaenf.cfg)
\c@ibid=\count97
\c@tempcnt=\count98
\sfm@width=\skip49
\sfm@colsep=\skip50
\c@sfm@count=\count99
) (c:/Program Files/TeXLive/texmf/tex/latex/amsfonts/amssymb.sty
Package: amssymb 2002/01/22 v2.2d
(c:/Program Files/TeXLive/texmf/tex/latex/amsfonts/amsfonts.sty
Package: amsfonts 2001/10/25 v2.2f
\@emptytoks=\toks15
\symAMSa=\mathgroup4
\symAMSb=\mathgroup5
LaTeX Font Info:    Overwriting math alphabet `\mathfrak' in version `bold'
(Font)                  U/euf/m/n --> U/euf/b/n on input line 132.
))
(./paperJSRr3.aux)
\openout1 = `paperJSRr3.aux'.

LaTeX Font Info:    Checking defaults for OML/cmm/m/it on input line 42.
LaTeX Font Info:    ... okay on input line 42.
LaTeX Font Info:    Checking defaults for T1/cmr/m/n on input line 42.
LaTeX Font Info:    ... okay on input line 42.
LaTeX Font Info:    Checking defaults for OT1/cmr/m/n on input line 42.
LaTeX Font Info:    ... okay on input line 42.
LaTeX Font Info:    Checking defaults for OMS/cmsy/m/n on input line 42.
LaTeX Font Info:    ... okay on input line 42.
LaTeX Font Info:    Checking defaults for OMX/cmex/m/n on input line 42.
LaTeX Font Info:    ... okay on input line 42.
LaTeX Font Info:    Checking defaults for U/cmr/m/n on input line 42.
LaTeX Font Info:    ... okay on input line 42.

(c:/Program Files/TeXLive/texmf/tex/context/base/supp-pdf.tex
(c:/Program Files/TeXLive/texmf/tex/context/base/supp-mis.tex
loading : Context Support Macros / Miscellaneous 
\protectiondepth=\count100
\scratchcounter=\count101
\scratchtoks=\toks16
\scratchdimen=\dimen112
\scratchskip=\skip51
\scratchmuskip=\muskip10
\scratchbox=\box26
\scratchread=\read1
\scratchwrite=\write5
\zeropoint=\dimen113
\minusone=\count102
\thousandpoint=\dimen114
\emptytoks=\toks17
\nextbox=\box27
\nextdepth=\dimen115
\everyline=\toks18
\!!counta=\count103
\!!countb=\count104
\recursecounter=\count105
)
loading : Context Support Macros / PDF
\nofMPsegments=\count106
\nofMParguments=\count107
\everyMPtoPDFconversion=\toks19
)
LaTeX Font Info:    Try loading font information for U+msa on input line 44.
 (c:/Program Files/TeXLive/texmf/tex/latex/amsfonts/umsa.fd
File: umsa.fd 2002/01/19 v2.2g AMS font definitions
)
LaTeX Font Info:    Try loading font information for U+msb on input line 44.

(c:/Program Files/TeXLive/texmf/tex/latex/amsfonts/umsb.fd
File: umsb.fd 2002/01/19 v2.2g AMS font definitions
) [1

{c:/Program Files/TeXLive/texmf/fonts/map/pdftex/updmap/pdftex.map}] [2] [3]
\openout3 = `paperJSRr3.fff'.

 (paperJSRr3.fff)
[4] [5] [6] [7] [8] [9]
\openout4 = `paperJSRr3.ttt'.

 (paperJSRr3.ttt) [10] [11] [12] [13] [14] [15] [16]
(./paperJSRr3.bbl [17] [18] [19]
Underfull \hbox (badness 2126) in paragraph at lines 175--178
[]/cmr12/NASA JSC, ``Ad-vanced Life Sup-port Base-line Val-ues and As-sump-tion
s Doc-
 []


Underfull \hbox (badness 10000) in paragraph at lines 175--178
/cmr12/u-ment,'' Tech. Rep. JSC-47804/CTSD-ADV-484A, NASA JSC (avail-able at:
 []

[20]) AED endfloat: Processing end Figures and Tables [21] (./paperJSRr3.lot
Underfull \hbox (badness 10000) detected at line 1
/cmr12/1:
 []


Underfull \hbox (badness 10000) detected at line 2
/cmr12/2:
 []

)
\tf@lot=\write6
\openout6 = `paperJSRr3.lot'.

 [22


] (./paperJSRr3.ttt
Overfull \hbox (26.35117pt too wide) in paragraph at lines 4--42
 [][] 
 []

[23

] [24]) (./paperJSRr3.lof
Underfull \hbox (badness 10000) detected at line 1
/cmbx12/1:
 []


Underfull \hbox (badness 10000) detected at line 2
/cmbx12/2:
 []


Underfull \hbox (badness 10000) detected at line 3
/cmbx12/3:
 []


Underfull \hbox (badness 10000) detected at line 4
/cmbx12/4:
 []


Underfull \hbox (badness 10000) detected at line 5
/cmbx12/5:
 []


Underfull \hbox (badness 10000) detected at line 6
/cmbx12/6:
 []


Underfull \hbox (badness 10000) detected at line 7
/cmbx12/7:
 []


Underfull \hbox (badness 10000) detected at line 8
/cmbx12/8:
 []


Underfull \hbox (badness 10000) detected at line 9
/cmbx12/9:
 []


Underfull \hbox (badness 10000) detected at line 10
/cmbx12/10:
 []


Underfull \hbox (badness 10000) detected at line 11
/cmbx12/11:
 []

)
\tf@lof=\write7
\openout7 = `paperJSRr3.lof'.

 [25



] (./paperJSRr3.fff
<Images/biosim_w_eva-flattened.png, id=126, 665.48625pt x 562.1pt>
File: Images/biosim_w_eva-flattened.png Graphic file (type png)

<use Images/biosim_w_eva-flattened.png> [26

 <./Images/biosim_w_eva-flattened.png>] <Images/utility_fig1.png, id=130, 914.4
1624pt x 625.33624pt>
File: Images/utility_fig1.png Graphic file (type png)

<use Images/utility_fig1.png> [27

 <./Images/utility_fig1.png>]
<Images/UGLY_VCCR.png, id=134, 914.41624pt x 625.33624pt>
File: Images/UGLY_VCCR.png Graphic file (type png)

<use Images/UGLY_VCCR.png> [28

 <./Images/UGLY_VCCR.png>]
<Images/foodMin.png, id=138, 914.41624pt x 625.33624pt>
File: Images/foodMin.png Graphic file (type png)

<use Images/foodMin.png> [29

 <./Images/foodMin.png>]
<Images/waterPow.png, id=142, 914.41624pt x 669.50125pt>
File: Images/waterPow.png Graphic file (type png)

<use Images/waterPow.png> [30

 <./Images/waterPow.png>]
<Images/ogs.png, id=146, 914.41624pt x 625.33624pt>
File: Images/ogs.png Graphic file (type png)
 <use Images/ogs.png>
[31

 <./Images/ogs.png>]
<Images/resRedPowSt.png, id=151, 914.41624pt x 625.33624pt>
File: Images/resRedPowSt.png Graphic file (type png)

<use Images/resRedPowSt.png> [32

 <./Images/resRedPowSt.png>]
<Images/clean_vccr.png, id=155, 914.41624pt x 625.33624pt>
File: Images/clean_vccr.png Graphic file (type png)

<use Images/clean_vccr.png> [33

 <./Images/clean_vccr.png>]
<Images/sizing.png, id=159, 914.41624pt x 741.77126pt>
File: Images/sizing.png Graphic file (type png)
 <use Images/sizing.png>
[34

 <./Images/sizing.png>]
<Images/vccrSizing.png, id=163, 914.41624pt x 625.33624pt>
File: Images/vccrSizing.png Graphic file (type png)

<use Images/vccrSizing.png> [35

 <./Images/vccrSizing.png>]
<Images/esmProxy.png, id=167, 914.41624pt x 625.33624pt>
File: Images/esmProxy.png Graphic file (type png)

<use Images/esmProxy.png> [36

 <./Images/esmProxy.png>])
AED: lastpage setting LastPage (./paperJSRr3.aux)

 *File List*
    aiaa.cls    1999/02/22 v2.4 AIAA document class
 article.cls    2001/04/21 v1.4e Standard LaTeX document class
  size12.clo    2001/04/21 v1.4e Standard LaTeX file (size option)
endfloat.sty    1995/10/11 v2.4i LaTeX2e package puts figures and tables at end
 (jdm)
setspace.sty    2000/12/01 6.7 Contributed and Supported LaTeX2e package
lastpage.sty    1994/06/25 v0.1b LaTeX2e package for refs to last page number (
JPG)
graphicx.sty    1999/02/16 v1.0f Enhanced LaTeX Graphics (DPC,SPQR)
  keyval.sty    1999/03/16 v1.13 key=value parser (DPC)
graphics.sty    2001/07/07 v1.0n Standard LaTeX Graphics (DPC,SPQR)
    trig.sty    1999/03/16 v1.09 sin cos tan (DPC)
graphics.cfg    2001/08/31 v1.1 graphics configuration of teTeX/TeXLive
  pdftex.def    2002/06/19 v0.03k graphics/color for pdftex
overcite.sty    2001/10/14  v 3.9
caption2.sty    2002/08/03 v2.1 Customising captions (AS)
fancyhdr.sty    
subfigure.sty    2002/07/30 v2.1.4 subfigure package
subfigure.cfg
 aiaaenf.cfg
 amssymb.sty    2002/01/22 v2.2d
amsfonts.sty    2001/10/25 v2.2f
supp-pdf.tex
    umsa.fd    2002/01/19 v2.2g AMS font definitions
    umsb.fd    2002/01/19 v2.2g AMS font definitions
paperJSRr3.bbl
Images/biosim_w_eva-flattened.png
Images/utility_fig1.png
Images/UGLY_VCCR.png
Images/foodMin.png
Images/waterPow.png
Images/ogs.png
Images/resRedPowSt.png
Images/clean_vccr.png
Images/sizing.png
Images/vccrSizing.png
Images/esmProxy.png
 ***********

 ) 
Here is how much of TeX's memory you used:
 2014 strings out of 94693
 25600 string characters out of 1178451
 73169 words of memory out of 1518557
 5111 multiletter control sequences out of 10000+50000
 14014 words of font info for 54 fonts, out of 1000000 for 2000
 458 hyphenation exceptions out of 1000
 32i,11n,45p,348b,335s stack positions out of 5000i,500n,6000p,200000b,40000s
 170 PDF objects out of 300000
 0 named destinations out of 131072
 56 words of extra memory for PDF output out of 65536
<c:/Program Files/TeXLive/texmf/fonts/type1/bluesky/symbols/msam10.pfb>{c:/Pr
ogram Files/TeXLive/texmf/dvips/tetex/f7b6d320.enc}<c:/Program Files/TeXLive/te
xmf/fonts/type1/bluesky/cm/cmr6.pfb><c:/Program Files/TeXLive/texmf/fonts/type1
/bluesky/cm/cmex10.pfb><c:/Program Files/TeXLive/texmf/fonts/type1/bluesky/cm/c
mbx10.pfb>{c:/Program Files/TeXLive/texmf/dvips/tetex/bbad153f.enc}<c:/Program 
Files/TeXLive/texmf/fonts/type1/bluesky/cm/cmsy8.pfb><c:/Program Files/TeXLive/
texmf/fonts/type1/bluesky/cm/cmr8.pfb>{c:/Program Files/TeXLive/texmf/dvips/tet
ex/aae443f0.enc}<c:/Program Files/TeXLive/texmf/fonts/type1/bluesky/cm/cmmi8.pf
b><c:/Program Files/TeXLive/texmf/fonts/type1/bluesky/cm/cmmi12.pfb>{c:/Program
 Files/TeXLive/texmf/dvips/tetex/0ef0afca.enc}<c:/Program Files/TeXLive/texmf/f
onts/type1/bluesky/cm/cmcsc10.pfb><c:/Program Files/TeXLive/texmf/fonts/type1/b
luesky/cm/cmr10.pfb><c:/Program Files/TeXLive/texmf/fonts/type1/bluesky/cm/cmsy
7.pfb>{c:/Program Files/TeXLive/texmf/dvips/tetex/74afc74c.enc}<c:/Program File
s/TeXLive/texmf/fonts/type1/bluesky/cm/cmti12.pfb><c:/Program Files/TeXLive/tex
mf/fonts/type1/bluesky/cm/cmsy10.pfb><c:/Program Files/TeXLive/texmf/fonts/type
1/bluesky/cm/cmr12.pfb><c:/Program Files/TeXLive/texmf/fonts/type1/bluesky/cm/c
mbx12.pfb>
Output written on paperJSRr3.pdf (36 pages, 397786 bytes).
